<?xml version="1.0" encoding="UTF-8"?>
<!-- Generated by org.testng.reporters.JUnitReportReporter -->
<testsuite ignored="0" hostname="MXMBYOD9066.local" failures="0" tests="1" name="loginTest.TC03_Login_Wrong_User" time="2.836" errors="0" timestamp="11 nov 2023 17:00:53 GMT" skipped="0">
  <testcase classname="loginTest.TC03_Login_Wrong_User" name="TC03_Invalid_User" time="2.836"/>
</testsuite> <!-- loginTest.TC03_Login_Wrong_User -->
