<?xml version="1.0" encoding="UTF-8"?>
<!-- Generated by org.testng.reporters.JUnitReportReporter -->
<testsuite ignored="0" hostname="MXMBYOD9066.local" failures="0" tests="1" name="loginTest.TC02_Login_Wrong_Password" time="2.873" errors="0" timestamp="11 nov 2023 16:23:21 GMT" skipped="0">
  <testcase classname="loginTest.TC02_Login_Wrong_Password" name="TC02" time="2.873"/>
</testsuite> <!-- loginTest.TC02_Login_Wrong_Password -->
