<?xml version="1.0" encoding="UTF-8"?>
<!-- Generated by org.testng.reporters.JUnitReportReporter -->
<testsuite ignored="0" hostname="MXMBYOD9066.local" failures="0" tests="1" name="loginTest.TC01__Login" time="2.953" errors="0" timestamp="04 nov 2023 17:43:44 GMT" skipped="0">
  <testcase classname="loginTest.TC01__Login" name="TC01" time="2.953"/>
</testsuite> <!-- loginTest.TC01__Login -->
